<?xml version="1.0" encoding="UTF-8"?>
<!-- Generated by org.testng.reporters.JUnitReportReporter -->
<testsuite hostname="Celes" name="example.NewTest" tests="1" failures="0" timestamp="4 Jun 2018 13:47:13 GMT" time="7.621" errors="0">
  <testcase name="testEasy" time="7.621" classname="example.NewTest"/>
</testsuite> <!-- example.NewTest -->
